node.exe : WARNING! Build 
not running on Vercel. 
System environment 
variables will not be 
available.
At line:1 char:1
+ & "C:\Program 
Files\nodejs/node.exe" 
"C:\Program 
Files\nodejs/node_mo ...
+ ~~~~~~~~~~~~~~~~~~~~~~~~~
~~~~~~~~~~~~~~~~~~~~~~~~~~~
~~~~~~~~~~~~~~~~~
    + CategoryInfo         
     : NotSpecified: (WAR  
  NING! Build ...t be av   
 ailable.:String) [], R    
emoteException
    + FullyQualifiedErrorI 
   d : NativeCommandError
 
WARNING: You should not 
upload the `.next` 
directory.
Installing dependencies...

up to date in 7s

154 packages are looking for funding
  run `npm fund` for details
Detected Next.js version: 16.2.1
Running "npm run build"

> sewer-labz@0.1.0 build
> prisma generate && next build

Environment variables loaded from prisma\.env
Prisma schema loaded from prisma\schema.prisma

Γ£ö Generated Prisma Client (v5.22.0) to .\node_modules\@prisma\client in 552ms

Start by importing your Prisma Client (See: https://pris.ly/d/importing-client)

Tip: Curious about the SQL queries Prisma ORM generates? Optimize helps you enhance your visibility: https://pris.ly/tip-2-optimize

Attention: Next.js now collects completely anonymous telemetry regarding usage.
This information is used to shape Next.js' roadmap and prioritize features.
You can learn more, including how to opt-out if you'd not like to participate in this anonymous program, by visiting the following URL:
https://nextjs.org/telemetry

Γû▓ Next.js 16.2.1 (Turbopack)
- Environments: .env.local

  Creating an optimized production build ...
Γ£ô Compiled successfully in 27.1s
  Running TypeScript ...
  Finished TypeScript in 15.1s ...
  Collecting page data using 3 workers ...
  Generating static pages using 3 workers (0/12) ...
  Generating static pages using 3 workers (3/12) 
  Generating static pages using 3 workers (6/12) 
  Generating static pages using 3 workers (9/12) 
Γ£ô Generating static pages using 3 workers (12/12) in 1253ms
  Finalizing page optimization ...

Route (app)
Γöî Γùï /
Γö£ Γùï /_not-found
Γö£ ╞Æ /api/auth/register
Γö£ ╞Æ /api/dashboard
Γö£ ╞Æ /api/reports/pdf
Γö£ Γùï /login
Γö£ Γùï /reports/new
Γö£ Γùï /settings
Γö£ Γùï /signup
Γöö Γùï /templates


Γùï  (Static)   prerendered as static content
╞Æ  (Dynamic)  server-rendered on demand

Traced Next.js server files in: 193.933ms
Tracing entries due to missing build traces:
[
  "C:/Users/Abdul/s/.next/server/app/(auth)/login/page.js",
  "C:/Users/Abdul/s/.next/server/app/(auth)/reports/new/page.js",
  "C:/Users/Abdul/s/.next/server/app/(auth)/signup/page.js",
  "C:/Users/Abdul/s/.next/server/app/(auth)/templates/page.js",
  "C:/Users/Abdul/s/.next/server/app/_global-error/page.js",
  "C:/Users/Abdul/s/.next/server/app/_not-found/page.js",
  "C:/Users/Abdul/s/.next/server/app/settings/page.js",
  "C:/Users/Abdul/s/.next/server/app/api/auth/register/route.js",
  "C:/Users/Abdul/s/.next/server/app/api/dashboard/route.js",
  "C:/Users/Abdul/s/.next/server/app/api/reports/pdf/route.js",
  "C:/Users/Abdul/s/.next/server/app/favicon.ico/route.js"
]: 361.475ms
Created all serverless functions in: 659.115ms
Error: Unable to find 
lambda for route: 
/reports/new
